<?xml version="1.0" encoding="UTF-8"?>
<!-- Generated by org.testng.reporters.JUnitXMLReporter -->
<testsuite hostname="IXDM7J5B3" ignored="3" name="Default test" tests="1" failures="0" timestamp="2022-05-30T10:49:03 IST" time="1.999" errors="0">
  <testcase name="test_04" time="1.971" classname="com.api.test.APITesting.ReqResPostPut"/>
  <testcase name="test_01" time="0.0" classname="com.api.test.APITesting.ReqResPostPut">
    <ignored/>
  </testcase> <!-- test_01 -->
  <testcase name="test_03" time="0.0" classname="com.api.test.APITesting.ReqResPostPut">
    <ignored/>
  </testcase> <!-- test_03 -->
  <testcase name="test_02" time="0.0" classname="com.api.test.APITesting.ReqResPostPut">
    <ignored/>
  </testcase> <!-- test_02 -->
</testsuite> <!-- Default test -->
