<?xml version="1.0" encoding="UTF-8"?>
<testng-results skipped="0" failed="0" ignored="3" total="4" passed="1">
  <reporter-output>
  </reporter-output>
  <suite name="Default suite" duration-ms="1999" started-at="2022-05-30T10:49:01 IST" finished-at="2022-05-30T10:49:03 IST">
    <groups>
    </groups>
    <test name="Default test" duration-ms="1999" started-at="2022-05-30T10:49:01 IST" finished-at="2022-05-30T10:49:03 IST">
      <class name="com.api.test.APITesting.ReqResPostPut">
        <test-method status="PASS" signature="test_04()[pri:0, instance:com.api.test.APITesting.ReqResPostPut@1efed156]" name="test_04" duration-ms="1971" started-at="2022-05-30T10:49:01 IST" finished-at="2022-05-30T10:49:03 IST">
          <reporter-output>
          </reporter-output>
        </test-method> <!-- test_04 -->
      </class> <!-- com.api.test.APITesting.ReqResPostPut -->
    </test> <!-- Default test -->
  </suite> <!-- Default suite -->
</testng-results>
